[07/20/2022 22:57:56] Debug: Session id: 75c9d91b-b33a-43d8-b97e-cabd5350cea6
[07/20/2022 22:57:56] Debug: Code Processor information: Name :SnowConvert, Version: 7.10.0.0
[07/20/2022 22:57:57] Debug: Getting license
[07/20/2022 22:57:57] Debug: License information
	Status: Failed
	Message: No active license available.
[07/20/2022 22:57:57] Info: Starting to validate parameters
[07/20/2022 22:57:57] Info: Parameters to validate: 
	Execution mode: Conversion
	LICENSE_KEY: a3372138-b87e-4a08-b929-3b48b24c63f1
[07/20/2022 22:57:57] Info: Validation of parameters: Success
[07/20/2022 22:57:57] Debug: Getting code descriptor
[07/20/2022 22:57:57] Debug: Code descriptor information
	Units: 51
	Units type: LOC
	All file bytes: 2141
	All found extensions: .sql,.dml,.ddl,.bteq,.btq,.fl,.fload,.ml,.mload,.mld,.tp,.tpump,.tpt
[07/20/2022 22:57:57] Debug: Calculating fingerprint
[07/20/2022 22:57:57] Debug: Fingerprint information Fingerprint(size=2141,projects=1)
[07/20/2022 22:57:57] Info: Starting to try to validate online license for execution
[07/20/2022 22:57:58] Debug: Getting license
[07/20/2022 22:57:58] Debug: License information
	Status: Failed
	Message: No active license available.
[07/20/2022 22:57:58] Debug: Starting the execution of the controller
[07/20/2022 22:58:00] Debug: Executing the worker: SnowConvert
[07/20/2022 22:58:16] Debug: Finished executing the worker: SnowConvert
[07/20/2022 22:58:18] Info: Controller execution ended
